  [1m[36m (33.9ms)[0m  [1mCREATE TABLE "schema_migrations" ("version" character varying NOT NULL) [0m
  [1m[35m (9.8ms)[0m  CREATE UNIQUE INDEX  "unique_schema_migrations" ON "schema_migrations"  ("version")
  [1m[36mActiveRecord::SchemaMigration Load (0.7ms)[0m  [1mSELECT "schema_migrations".* FROM "schema_migrations"[0m
Migrating to CreateUsers (20160304010633)
  [1m[35m (0.3ms)[0m  BEGIN
  [1m[36m (11.4ms)[0m  [1mCREATE TABLE "users" ("id" serial primary key, "username" character varying NOT NULL, "password_digest" character varying, "created_at" timestamp NOT NULL, "updated_at" timestamp NOT NULL) [0m
  [1m[35m (2.9ms)[0m  CREATE  INDEX  "index_users_on_username" ON "users"  ("username")
  [1m[36mSQL (2.5ms)[0m  [1mINSERT INTO "schema_migrations" ("version") VALUES ($1)[0m  [["version", "20160304010633"]]
  [1m[35m (3.2ms)[0m  COMMIT
Migrating to CreateQuestions (20160304010954)
  [1m[36m (0.3ms)[0m  [1mBEGIN[0m
  [1m[35m (10.9ms)[0m  CREATE TABLE "questions" ("id" serial primary key, "title" character varying NOT NULL, "body" text NOT NULL, "user_id" integer, "created_at" timestamp NOT NULL, "updated_at" timestamp NOT NULL) 
  [1m[36m (3.0ms)[0m  [1mCREATE  INDEX  "index_questions_on_user_id" ON "questions"  ("user_id")[0m
  [1m[35mSQL (0.2ms)[0m  INSERT INTO "schema_migrations" ("version") VALUES ($1)  [["version", "20160304010954"]]
  [1m[36m (2.3ms)[0m  [1mCOMMIT[0m
Migrating to CreateAnswers (20160304011320)
  [1m[35m (0.6ms)[0m  BEGIN
  [1m[36m (10.0ms)[0m  [1mCREATE TABLE "answers" ("id" serial primary key, "body" text NOT NULL, "user_id" integer NOT NULL, "question_id" integer NOT NULL, "created_at" timestamp NOT NULL, "updated_at" timestamp NOT NULL) [0m
  [1m[35m (3.2ms)[0m  CREATE  INDEX  "index_answers_on_user_id" ON "answers"  ("user_id")
  [1m[36m (2.7ms)[0m  [1mCREATE  INDEX  "index_answers_on_question_id" ON "answers"  ("question_id")[0m
  [1m[35mSQL (0.2ms)[0m  INSERT INTO "schema_migrations" ("version") VALUES ($1)  [["version", "20160304011320"]]
  [1m[36m (2.7ms)[0m  [1mCOMMIT[0m
Migrating to CreateComments (20160304011737)
  [1m[35m (0.3ms)[0m  BEGIN
  [1m[36m (10.4ms)[0m  [1mCREATE TABLE "comments" ("id" serial primary key, "body" text NOT NULL, "commentable_id" integer, "commentable_type" character varying, "user_id" integer NOT NULL, "created_at" timestamp NOT NULL, "updated_at" timestamp NOT NULL) [0m
  [1m[35m (2.7ms)[0m  CREATE  INDEX  "index_comments_on_user_id" ON "comments"  ("user_id")
  [1m[36mSQL (0.3ms)[0m  [1mINSERT INTO "schema_migrations" ("version") VALUES ($1)[0m  [["version", "20160304011737"]]
  [1m[35m (2.4ms)[0m  COMMIT
Migrating to CreateVotes (20160304012532)
  [1m[36m (0.3ms)[0m  [1mBEGIN[0m
  [1m[35m (8.9ms)[0m  CREATE TABLE "votes" ("id" serial primary key, "direction_value" integer NOT NULL, "votable_id" integer, "votable_type" character varying, "created_at" timestamp NOT NULL, "updated_at" timestamp NOT NULL) 
  [1m[36mSQL (0.3ms)[0m  [1mINSERT INTO "schema_migrations" ("version") VALUES ($1)[0m  [["version", "20160304012532"]]
  [1m[35m (2.3ms)[0m  COMMIT
  [1m[36mActiveRecord::SchemaMigration Load (0.3ms)[0m  [1mSELECT "schema_migrations".* FROM "schema_migrations"[0m
  [1m[35m (4.0ms)[0m  SELECT t2.oid::regclass::text AS to_table, a1.attname AS column, a2.attname AS primary_key, c.conname AS name, c.confupdtype AS on_update, c.confdeltype AS on_delete
FROM pg_constraint c
JOIN pg_class t1 ON c.conrelid = t1.oid
JOIN pg_class t2 ON c.confrelid = t2.oid
JOIN pg_attribute a1 ON a1.attnum = c.conkey[1] AND a1.attrelid = t1.oid
JOIN pg_attribute a2 ON a2.attnum = c.confkey[1] AND a2.attrelid = t2.oid
JOIN pg_namespace t3 ON c.connamespace = t3.oid
WHERE c.contype = 'f'
  AND t1.relname = 'answers'
  AND t3.nspname = ANY (current_schemas(false))
ORDER BY c.conname

  [1m[36m (3.4ms)[0m  [1mSELECT t2.oid::regclass::text AS to_table, a1.attname AS column, a2.attname AS primary_key, c.conname AS name, c.confupdtype AS on_update, c.confdeltype AS on_delete
FROM pg_constraint c
JOIN pg_class t1 ON c.conrelid = t1.oid
JOIN pg_class t2 ON c.confrelid = t2.oid
JOIN pg_attribute a1 ON a1.attnum = c.conkey[1] AND a1.attrelid = t1.oid
JOIN pg_attribute a2 ON a2.attnum = c.confkey[1] AND a2.attrelid = t2.oid
JOIN pg_namespace t3 ON c.connamespace = t3.oid
WHERE c.contype = 'f'
  AND t1.relname = 'comments'
  AND t3.nspname = ANY (current_schemas(false))
ORDER BY c.conname
[0m
  [1m[35m (3.4ms)[0m  SELECT t2.oid::regclass::text AS to_table, a1.attname AS column, a2.attname AS primary_key, c.conname AS name, c.confupdtype AS on_update, c.confdeltype AS on_delete
FROM pg_constraint c
JOIN pg_class t1 ON c.conrelid = t1.oid
JOIN pg_class t2 ON c.confrelid = t2.oid
JOIN pg_attribute a1 ON a1.attnum = c.conkey[1] AND a1.attrelid = t1.oid
JOIN pg_attribute a2 ON a2.attnum = c.confkey[1] AND a2.attrelid = t2.oid
JOIN pg_namespace t3 ON c.connamespace = t3.oid
WHERE c.contype = 'f'
  AND t1.relname = 'questions'
  AND t3.nspname = ANY (current_schemas(false))
ORDER BY c.conname

  [1m[36m (3.3ms)[0m  [1mSELECT t2.oid::regclass::text AS to_table, a1.attname AS column, a2.attname AS primary_key, c.conname AS name, c.confupdtype AS on_update, c.confdeltype AS on_delete
FROM pg_constraint c
JOIN pg_class t1 ON c.conrelid = t1.oid
JOIN pg_class t2 ON c.confrelid = t2.oid
JOIN pg_attribute a1 ON a1.attnum = c.conkey[1] AND a1.attrelid = t1.oid
JOIN pg_attribute a2 ON a2.attnum = c.confkey[1] AND a2.attrelid = t2.oid
JOIN pg_namespace t3 ON c.connamespace = t3.oid
WHERE c.contype = 'f'
  AND t1.relname = 'users'
  AND t3.nspname = ANY (current_schemas(false))
ORDER BY c.conname
[0m
  [1m[35m (3.4ms)[0m  SELECT t2.oid::regclass::text AS to_table, a1.attname AS column, a2.attname AS primary_key, c.conname AS name, c.confupdtype AS on_update, c.confdeltype AS on_delete
FROM pg_constraint c
JOIN pg_class t1 ON c.conrelid = t1.oid
JOIN pg_class t2 ON c.confrelid = t2.oid
JOIN pg_attribute a1 ON a1.attnum = c.conkey[1] AND a1.attrelid = t1.oid
JOIN pg_attribute a2 ON a2.attnum = c.confkey[1] AND a2.attrelid = t2.oid
JOIN pg_namespace t3 ON c.connamespace = t3.oid
WHERE c.contype = 'f'
  AND t1.relname = 'votes'
  AND t3.nspname = ANY (current_schemas(false))
ORDER BY c.conname

  [1m[36mUser Load (0.8ms)[0m  [1mSELECT "users".* FROM "users"[0m
  [1m[35m (0.3ms)[0m  BEGIN
  [1m[36mUser Exists (1.0ms)[0m  [1mSELECT  1 AS one FROM "users" WHERE "users"."username" = 'liam' LIMIT 1[0m
  [1m[35mSQL (0.6ms)[0m  INSERT INTO "users" ("username", "password_digest", "created_at", "updated_at") VALUES ($1, $2, $3, $4) RETURNING "id"  [["username", "liam"], ["password_digest", "$2a$10$lJ9eoU2orqBAWMN.Nuw/.uKCtQGiGsYDdz7q7LF3TsS7QA32J25kG"], ["created_at", "2016-03-04 01:33:15.949361"], ["updated_at", "2016-03-04 01:33:15.949361"]]
  [1m[36m (2.2ms)[0m  [1mCOMMIT[0m
  [1m[35mUser Load (1.2ms)[0m  SELECT  "users".* FROM "users"  ORDER BY "users"."id" ASC LIMIT 1
  [1m[36mQuestion Load (0.6ms)[0m  [1mSELECT "questions".* FROM "questions" WHERE "questions"."user_id" = $1[0m  [["user_id", 1]]
  [1m[35m (0.2ms)[0m  BEGIN
  [1m[36mSQL (1.3ms)[0m  [1mINSERT INTO "questions" ("title", "body", "user_id", "created_at", "updated_at") VALUES ($1, $2, $3, $4, $5) RETURNING "id"[0m  [["title", "Liams question"], ["body", "Test"], ["user_id", 1], ["created_at", "2016-03-04 01:34:54.320976"], ["updated_at", "2016-03-04 01:34:54.320976"]]
  [1m[35m (4.9ms)[0m  COMMIT
  [1m[36mComment Load (0.5ms)[0m  [1mSELECT "comments".* FROM "comments" WHERE "comments"."commentable_id" = $1 AND "comments"."commentable_type" = $2[0m  [["commentable_id", 1], ["commentable_type", "Question"]]
  [1m[35mVote Load (0.4ms)[0m  SELECT "votes".* FROM "votes" WHERE "votes"."votable_id" = $1 AND "votes"."votable_type" = $2  [["votable_id", 1], ["votable_type", "Question"]]
  [1m[36m (0.2ms)[0m  [1mBEGIN[0m
  [1m[35mSQL (0.7ms)[0m  INSERT INTO "answers" ("body", "user_id", "question_id", "created_at", "updated_at") VALUES ($1, $2, $3, $4, $5) RETURNING "id"  [["body", "test answer"], ["user_id", 1], ["question_id", 1], ["created_at", "2016-03-04 01:36:28.213501"], ["updated_at", "2016-03-04 01:36:28.213501"]]
  [1m[36m (2.2ms)[0m  [1mCOMMIT[0m
  [1m[35mComment Load (0.4ms)[0m  SELECT "comments".* FROM "comments" WHERE "comments"."commentable_id" = $1 AND "comments"."commentable_type" = $2  [["commentable_id", 1], ["commentable_type", "Answer"]]
  [1m[36mVote Load (0.3ms)[0m  [1mSELECT "votes".* FROM "votes" WHERE "votes"."votable_id" = $1 AND "votes"."votable_type" = $2[0m  [["votable_id", 1], ["votable_type", "Answer"]]
  [1m[35m (0.2ms)[0m  BEGIN
  [1m[36mSQL (0.4ms)[0m  [1mINSERT INTO "comments" ("body", "user_id", "commentable_id", "commentable_type", "created_at", "updated_at") VALUES ($1, $2, $3, $4, $5, $6) RETURNING "id"[0m  [["body", "test comment"], ["user_id", 1], ["commentable_id", 1], ["commentable_type", "Answer"], ["created_at", "2016-03-04 01:37:39.044434"], ["updated_at", "2016-03-04 01:37:39.044434"]]
  [1m[35m (2.4ms)[0m  COMMIT
  [1m[36mVote Load (0.8ms)[0m  [1mSELECT "votes".* FROM "votes" WHERE "votes"."votable_id" = $1 AND "votes"."votable_type" = $2[0m  [["votable_id", 1], ["votable_type", "Comment"]]
